Process started
FLAG_DOCUMENT_10
FLAG_DOCUMENT_12
FLAG_DOCUMENT_2
FLAG_DOCUMENT_4
FLAG_DOCUMENT_7
FLAG_DOCUMENT_17
FLAG_DOCUMENT_21
CNT_CHILDREN -0.01492823648069957
AMT_INCOME_TOTAL -0.058538983556017374
AMT_CREDIT -0.0017300591980185676
AMT_ANNUITY 0.002432120909073173
AMT_GOODS_PRICE -0.015887203520088548
REGION_POPULATION_RELATIVE -0.08284800156806346
DAYS_BIRTH 0.06735812163188523
DAYS_EMPLOYED -0.008408239434647543
DAYS_REGISTRATION -0.04472598872706855
DAYS_ID_PUBLISH 0.04068558713019544
OWN_CAR_AGE 0.05282990463650176
FLAG_EMP_PHONE 0.01107940182702249
FLAG_WORK_PHONE -0.031192241319315996
FLAG_CONT_MOBILE 0.013737290708246608
FLAG_PHONE 0.011896066302679075
FLAG_EMAIL 0.017044848748261194
CNT_FAM_MEMBERS -0.02921363668257833
REGION_RATING_CLIENT 0.06495747981037399
REGION_RATING_CLIENT_W_CITY 0.052481329904488526
HOUR_APPR_PROCESS_START 0.0045412690459095155
REG_REGION_NOT_LIVE_REGION -0.03481574753275222
REG_REGION_NOT_WORK_REGION -0.028677122790604387
LIVE_REGION_NOT_WORK_REGION -0.024729635549223687
REG_CITY_NOT_LIVE_CITY 0.0008381553542857851
REG_CITY_NOT_WORK_CITY 0.03125756385391419
LIVE_CITY_NOT_WORK_CITY 0.015520998662118634
EXT_SOURCE_1 -0.14512242247362309
EXT_SOURCE_2 -0.17908342804261412
EXT_SOURCE_3 -0.16177111979747175
APARTMENTS_AVG 0.009668228016703168
BASEMENTAREA_AVG 0.04199571679774606
YEARS_BEGINEXPLUATATION_AVG 0.0003493959679424079
YEARS_BUILD_AVG -0.011250471967108317
COMMONAREA_AVG -0.00026411742350499384
ELEVATORS_AVG -0.0146154088718999
ENTRANCES_AVG 0.0365446565323686
FLOORSMAX_AVG -0.020864121166013824
FLOORSMIN_AVG -0.011693738341159353
LANDAREA_AVG 0.021936717517087995
LIVINGAPARTMENTS_AVG 0.007133138416604129
LIVINGAREA_AVG -0.0011886480812478711
NONLIVINGAPARTMENTS_AVG 0.0032742662976413335
NONLIVINGAREA_AVG -0.018625321165982523
APARTMENTS_MODE 0.014356970970916143
BASEMENTAREA_MODE 0.05078696663047358
YEARS_BEGINEXPLUATATION_MODE 0.006312684424711768
YEARS_BUILD_MODE -0.008370074469118421
COMMONAREA_MODE 0.007968510047384704
ELEVATORS_MODE -0.01120940343276856
ENTRANCES_MODE 0.02718449691675449
FLOORSMAX_MODE -0.02639948189610242
FLOORSMIN_MODE -0.01006258275624352
LANDAREA_MODE 0.023118638667111103
LIVINGAPARTMENTS_MODE 0.012943742658199957
LIVINGAREA_MODE -0.007846112576238875
NONLIVINGAPARTMENTS_MODE 0.009711892105696122
NONLIVINGAREA_MODE -0.018947710858669437
APARTMENTS_MEDI 0.013127951692670631
BASEMENTAREA_MEDI 0.04525190755416018
YEARS_BEGINEXPLUATATION_MEDI -0.00619569968636137
YEARS_BUILD_MEDI -0.010795106462075212
COMMONAREA_MEDI 0.0015224616662840738
ELEVATORS_MEDI -0.010066854575944273
ENTRANCES_MEDI 0.03450114708339202
FLOORSMAX_MEDI -0.021876502018921128
FLOORSMIN_MEDI -0.012912073364153431
LANDAREA_MEDI 0.023946794509087672
LIVINGAPARTMENTS_MEDI 0.010891960101570067
LIVINGAREA_MEDI -0.0008613287707648895
NONLIVINGAPARTMENTS_MEDI 0.007164131125622547
NONLIVINGAREA_MEDI -0.016363193510338655
TOTALAREA_MODE -0.005968082913246564
OBS_30_CNT_SOCIAL_CIRCLE 0.032840212883379336
DEF_30_CNT_SOCIAL_CIRCLE 0.01373440195799008
OBS_60_CNT_SOCIAL_CIRCLE 0.031067263257748483
DEF_60_CNT_SOCIAL_CIRCLE 0.004650870531839195
DAYS_LAST_PHONE_CHANGE 0.01676548584554425
FLAG_DOCUMENT_3 0.10900522078035649
FLAG_DOCUMENT_5 -0.031906720106255004
FLAG_DOCUMENT_6 -0.01831987851933715
FLAG_DOCUMENT_8 -0.0513718231811482
FLAG_DOCUMENT_9 -0.017750288819143267
FLAG_DOCUMENT_11 -0.017750288819143253
FLAG_DOCUMENT_13 -0.03573604723903122
FLAG_DOCUMENT_14 -0.011211551811099889
FLAG_DOCUMENT_15 -0.021020840071955003
FLAG_DOCUMENT_16 -0.0287222608868303
FLAG_DOCUMENT_18 0.0019086788737648877
FLAG_DOCUMENT_19 -0.007924304673414153
FLAG_DOCUMENT_20 -0.013737290708246525
AMT_REQ_CREDIT_BUREAU_HOUR -0.018526003128872592
AMT_REQ_CREDIT_BUREAU_DAY 0.059688288203022986
AMT_REQ_CREDIT_BUREAU_WEEK 0.0234534389036767
AMT_REQ_CREDIT_BUREAU_MON 0.006949592163317547
AMT_REQ_CREDIT_BUREAU_QRT -0.00039804552092194916
AMT_REQ_CREDIT_BUREAU_YEAR 0.07341617306823749
cluster_index_0 0.0335336059290639
cluster_index_1 0.04059441373167644
cluster_index_2 -0.00686094068373576
cluster_index_3 -0.06393829639201429
TARGET 0.9999999999999998
       CNT_CHILDREN  AMT_INCOME_TOTAL  ...  cluster_index_3  TARGET
51             0.50          0.100257  ...                0       0
61             0.00          0.100257  ...                1       0
68             0.00          0.087404  ...                0       0
72             0.00          0.051414  ...                0       0
98             0.25          0.079692  ...                0       0
...             ...               ...  ...              ...     ...
30667          0.00          0.061697  ...                0       0
30697          0.00          0.125964  ...                0       0
30709          0.00          0.125964  ...                0       0
30710          0.00          0.035990  ...                0       0
30724          0.00          0.074550  ...                0       0

[1147 rows x 101 columns]
Process completed
 Process started
FLAG_DOCUMENT_10
FLAG_DOCUMENT_12
FLAG_DOCUMENT_2
FLAG_DOCUMENT_4
FLAG_DOCUMENT_7
FLAG_DOCUMENT_17
FLAG_DOCUMENT_21
CNT_CHILDREN -0.01492823648069957
AMT_INCOME_TOTAL -0.058538983556017374
AMT_CREDIT -0.0017300591980185676
AMT_ANNUITY 0.002432120909073173
AMT_GOODS_PRICE -0.015887203520088548
REGION_POPULATION_RELATIVE -0.08284800156806346
DAYS_BIRTH 0.06735812163188523
DAYS_EMPLOYED -0.008408239434647543
DAYS_REGISTRATION -0.04472598872706855
DAYS_ID_PUBLISH 0.04068558713019544
OWN_CAR_AGE 0.05282990463650176
FLAG_EMP_PHONE 0.01107940182702249
FLAG_WORK_PHONE -0.031192241319315996
FLAG_CONT_MOBILE 0.013737290708246608
FLAG_PHONE 0.011896066302679075
FLAG_EMAIL 0.017044848748261194
CNT_FAM_MEMBERS -0.02921363668257833
REGION_RATING_CLIENT 0.06495747981037399
REGION_RATING_CLIENT_W_CITY 0.052481329904488526
HOUR_APPR_PROCESS_START 0.0045412690459095155
REG_REGION_NOT_LIVE_REGION -0.03481574753275222
REG_REGION_NOT_WORK_REGION -0.028677122790604387
LIVE_REGION_NOT_WORK_REGION -0.024729635549223687
REG_CITY_NOT_LIVE_CITY 0.0008381553542857851
REG_CITY_NOT_WORK_CITY 0.03125756385391419
LIVE_CITY_NOT_WORK_CITY 0.015520998662118634
EXT_SOURCE_1 -0.14512242247362309
EXT_SOURCE_2 -0.17908342804261412
EXT_SOURCE_3 -0.16177111979747175
APARTMENTS_AVG 0.009668228016703168
BASEMENTAREA_AVG 0.04199571679774606
YEARS_BEGINEXPLUATATION_AVG 0.0003493959679424079
YEARS_BUILD_AVG -0.011250471967108317
COMMONAREA_AVG -0.00026411742350499384
ELEVATORS_AVG -0.0146154088718999
ENTRANCES_AVG 0.0365446565323686
FLOORSMAX_AVG -0.020864121166013824
FLOORSMIN_AVG -0.011693738341159353
LANDAREA_AVG 0.021936717517087995
LIVINGAPARTMENTS_AVG 0.007133138416604129
LIVINGAREA_AVG -0.0011886480812478711
NONLIVINGAPARTMENTS_AVG 0.0032742662976413335
NONLIVINGAREA_AVG -0.018625321165982523
APARTMENTS_MODE 0.014356970970916143
BASEMENTAREA_MODE 0.05078696663047358
YEARS_BEGINEXPLUATATION_MODE 0.006312684424711768
YEARS_BUILD_MODE -0.008370074469118421
COMMONAREA_MODE 0.007968510047384704
ELEVATORS_MODE -0.01120940343276856
ENTRANCES_MODE 0.02718449691675449
FLOORSMAX_MODE -0.02639948189610242
FLOORSMIN_MODE -0.01006258275624352
LANDAREA_MODE 0.023118638667111103
LIVINGAPARTMENTS_MODE 0.012943742658199957
LIVINGAREA_MODE -0.007846112576238875
NONLIVINGAPARTMENTS_MODE 0.009711892105696122
NONLIVINGAREA_MODE -0.018947710858669437
APARTMENTS_MEDI 0.013127951692670631
BASEMENTAREA_MEDI 0.04525190755416018
YEARS_BEGINEXPLUATATION_MEDI -0.00619569968636137
YEARS_BUILD_MEDI -0.010795106462075212
COMMONAREA_MEDI 0.0015224616662840738
ELEVATORS_MEDI -0.010066854575944273
ENTRANCES_MEDI 0.03450114708339202
FLOORSMAX_MEDI -0.021876502018921128
FLOORSMIN_MEDI -0.012912073364153431
LANDAREA_MEDI 0.023946794509087672
LIVINGAPARTMENTS_MEDI 0.010891960101570067
LIVINGAREA_MEDI -0.0008613287707648895
NONLIVINGAPARTMENTS_MEDI 0.007164131125622547
NONLIVINGAREA_MEDI -0.016363193510338655
TOTALAREA_MODE -0.005968082913246564
OBS_30_CNT_SOCIAL_CIRCLE 0.032840212883379336
DEF_30_CNT_SOCIAL_CIRCLE 0.01373440195799008
OBS_60_CNT_SOCIAL_CIRCLE 0.031067263257748483
DEF_60_CNT_SOCIAL_CIRCLE 0.004650870531839195
DAYS_LAST_PHONE_CHANGE 0.01676548584554425
FLAG_DOCUMENT_3 0.10900522078035649
FLAG_DOCUMENT_5 -0.031906720106255004
FLAG_DOCUMENT_6 -0.01831987851933715
FLAG_DOCUMENT_8 -0.0513718231811482
FLAG_DOCUMENT_9 -0.017750288819143267
FLAG_DOCUMENT_11 -0.017750288819143253
FLAG_DOCUMENT_13 -0.03573604723903122
FLAG_DOCUMENT_14 -0.011211551811099889
FLAG_DOCUMENT_15 -0.021020840071955003
FLAG_DOCUMENT_16 -0.0287222608868303
FLAG_DOCUMENT_18 0.0019086788737648877
FLAG_DOCUMENT_19 -0.007924304673414153
FLAG_DOCUMENT_20 -0.013737290708246525
AMT_REQ_CREDIT_BUREAU_HOUR -0.018526003128872592
AMT_REQ_CREDIT_BUREAU_DAY 0.059688288203022986
AMT_REQ_CREDIT_BUREAU_WEEK 0.0234534389036767
AMT_REQ_CREDIT_BUREAU_MON 0.006949592163317547
AMT_REQ_CREDIT_BUREAU_QRT -0.00039804552092194916
AMT_REQ_CREDIT_BUREAU_YEAR 0.07341617306823749
cluster_index_0 0.0335336059290639
cluster_index_1 0.04059441373167644
cluster_index_2 -0.00686094068373576
cluster_index_3 -0.06393829639201429
TARGET 0.9999999999999998
       CNT_CHILDREN  AMT_INCOME_TOTAL  ...  cluster_index_3  TARGET
51             0.50          0.100257  ...                0       0
61             0.00          0.100257  ...                1       0
68             0.00          0.087404  ...                0       0
72             0.00          0.051414  ...                0       0
98             0.25          0.079692  ...                0       0
...             ...               ...  ...              ...     ...
30667          0.00          0.061697  ...                0       0
30697          0.00          0.125964  ...                0       0
30709          0.00          0.125964  ...                0       0
30710          0.00          0.035990  ...                0       0
30724          0.00          0.074550  ...                0       0

[1147 rows x 101 columns]
Process completed
() Process started
Process completed
Cum 01 Mar 2024 09:30:11 +03 Process started
Process completed
Cum 01 Mar 2024 09:30:12 +03 Process started
Process completed
